<?xml version="1.0" encoding="UTF-8"?>
<!-- Generated by org.testng.reporters.JUnitReportReporter -->
<testsuite hostname="Tamannas-MacBook-Pro.local" failures="0" tests="5" name="TestNG_Multiple_Suites_smoke.Smoke_TestCases_register" time="31.242" errors="0" timestamp="2024-11-21T12:08:52 EST" skipped="0">
  <testcase classname="TestNG_Multiple_Suites_smoke.Smoke_TestCases_register" name="registerWithNoInputs" time="5.218"/>
  <system-out/>
  <testcase classname="TestNG_Multiple_Suites_smoke.Smoke_TestCases_register" name="registerWithMandatoryFields" time="6.252"/>
  <system-out/>
  <testcase classname="TestNG_Multiple_Suites_smoke.Smoke_TestCases_register" name="registerWithAllDetails" time="5.875"/>
  <system-out/>
  <testcase classname="TestNG_Multiple_Suites_smoke.Smoke_TestCases_register" name="registerWithExistingEmail" time="7.266"/>
  <system-out/>
  <testcase classname="TestNG_Multiple_Suites_smoke.Smoke_TestCases_register" name="registerWithWrongConfirmPassword" time="6.631"/>
  <system-out/>
</testsuite> <!-- TestNG_Multiple_Suites_smoke.Smoke_TestCases_register -->
