<?xml version="1.0" encoding="UTF-8"?>
<!-- Generated by org.testng.reporters.JUnitReportReporter -->
<testsuite hostname="Tamannas-MacBook-Pro.local" failures="0" tests="5" name="TestNG_Multiple_Suites_smoke.Smoke_TestCases_login" time="29.119" errors="0" timestamp="2024-11-21T12:08:52 EST" skipped="0">
  <testcase classname="TestNG_Multiple_Suites_smoke.Smoke_TestCases_login" name="verifyLoginWithValidCredentials" time="6.791"/>
  <system-out/>
  <testcase classname="TestNG_Multiple_Suites_smoke.Smoke_TestCases_login" name="verifyLoginWithInvalidCredentials" time="5.248"/>
  <system-out/>
  <testcase classname="TestNG_Multiple_Suites_smoke.Smoke_TestCases_login" name="verifyLoginWithValidEmailandInvalidPassword" time="5.220"/>
  <system-out/>
  <testcase classname="TestNG_Multiple_Suites_smoke.Smoke_TestCases_login" name="verifyLoginWithInvalidEmailandValidPassword" time="5.932"/>
  <system-out/>
  <testcase classname="TestNG_Multiple_Suites_smoke.Smoke_TestCases_login" name="verifyLoginWithNoCredentials" time="5.928"/>
  <system-out/>
</testsuite> <!-- TestNG_Multiple_Suites_smoke.Smoke_TestCases_login -->
