<?xml version="1.0" encoding="UTF-8"?>
<!-- Generated by org.testng.reporters.JUnitReportReporter -->
<testsuite hostname="Tamannas-MacBook-Pro.local" failures="0" tests="5" name="TestNG_Multiple_Suites_sanity.sanity_TestCases_register" time="26.631" errors="0" timestamp="2024-11-19T19:38:23 EST" skipped="0">
  <testcase classname="TestNG_Multiple_Suites_sanity.sanity_TestCases_register" name="registerWithNoInputs" time="5.020"/>
  <testcase classname="TestNG_Multiple_Suites_sanity.sanity_TestCases_register" name="registerWithMandatoryFields" time="5.624"/>
  <testcase classname="TestNG_Multiple_Suites_sanity.sanity_TestCases_register" name="registerWithAllDetails" time="5.716"/>
  <testcase classname="TestNG_Multiple_Suites_sanity.sanity_TestCases_register" name="registerWithExistingEmail" time="5.193"/>
  <testcase classname="TestNG_Multiple_Suites_sanity.sanity_TestCases_register" name="registerWithWrongConfirmPassword" time="5.078"/>
</testsuite> <!-- TestNG_Multiple_Suites_sanity.sanity_TestCases_register -->
