<?xml version="1.0" encoding="UTF-8"?>
<!-- Generated by org.testng.reporters.JUnitReportReporter -->
<testsuite hostname="Tamannas-MacBook-Pro.local" failures="0" tests="5" name="TestNG_Multiple_Suites_smoke.Smoke_TestCases_register" time="28.469" errors="0" timestamp="2024-11-19T19:38:23 EST" skipped="0">
  <testcase classname="TestNG_Multiple_Suites_smoke.Smoke_TestCases_register" name="registerWithNoInputs" time="5.234"/>
  <testcase classname="TestNG_Multiple_Suites_smoke.Smoke_TestCases_register" name="registerWithMandatoryFields" time="6.073"/>
  <testcase classname="TestNG_Multiple_Suites_smoke.Smoke_TestCases_register" name="registerWithAllDetails" time="5.686"/>
  <testcase classname="TestNG_Multiple_Suites_smoke.Smoke_TestCases_register" name="registerWithExistingEmail" time="5.288"/>
  <testcase classname="TestNG_Multiple_Suites_smoke.Smoke_TestCases_register" name="registerWithWrongConfirmPassword" time="6.188"/>
</testsuite> <!-- TestNG_Multiple_Suites_smoke.Smoke_TestCases_register -->
