<?xml version="1.0" encoding="UTF-8"?>
<!-- Generated by org.testng.reporters.JUnitReportReporter -->
<testsuite hostname="Tamannas-MacBook-Pro.local" failures="0" tests="5" name="TestNG_Multiple_Suites_regression.RegressionTestCases_register" time="26.903" errors="0" timestamp="2024-11-19T19:38:23 EST" skipped="0">
  <testcase classname="TestNG_Multiple_Suites_regression.RegressionTestCases_register" name="registerWithNoInputs" time="5.126"/>
  <testcase classname="TestNG_Multiple_Suites_regression.RegressionTestCases_register" name="registerWithMandatoryFields" time="5.678"/>
  <testcase classname="TestNG_Multiple_Suites_regression.RegressionTestCases_register" name="registerWithAllDetails" time="5.632"/>
  <testcase classname="TestNG_Multiple_Suites_regression.RegressionTestCases_register" name="registerWithExistingEmail" time="5.271"/>
  <testcase classname="TestNG_Multiple_Suites_regression.RegressionTestCases_register" name="registerWithWrongConfirmPassword" time="5.196"/>
</testsuite> <!-- TestNG_Multiple_Suites_regression.RegressionTestCases_register -->
